kotlin version: 2.3.10
error message: Incremental compilation failed: Storage for [/home/jacob/AndroidStudioProjects/Clefrun/core/build/kotlin/compileKotlin/cacheable/caches-jvm/jvm/kotlin/source-to-classes.tab] is already registered
java.lang.IllegalStateException: Storage for [/home/jacob/AndroidStudioProjects/Clefrun/core/build/kotlin/compileKotlin/cacheable/caches-jvm/jvm/kotlin/source-to-classes.tab] is already registered
	at org.jetbrains.kotlin.com.intellij.util.io.FilePageCache.registerPagedFileStorage(FilePageCache.java:410)
	at org.jetbrains.kotlin.com.intellij.util.io.PagedFileStorage.<init>(PagedFileStorage.java:72)
	at org.jetbrains.kotlin.com.intellij.util.io.ResizeableMappedFile.<init>(ResizeableMappedFile.java:68)
	at org.jetbrains.kotlin.com.intellij.util.io.PersistentBTreeEnumerator.<init>(PersistentBTreeEnumerator.java:128)
	at org.jetbrains.kotlin.com.intellij.util.io.PersistentEnumerator.createDefaultEnumerator(PersistentEnumerator.java:52)
	at org.jetbrains.kotlin.com.intellij.util.io.PersistentMapImpl.<init>(PersistentMapImpl.java:165)
	at org.jetbrains.kotlin.com.intellij.util.io.PersistentMapImpl.<init>(PersistentMapImpl.java:140)
	at org.jetbrains.kotlin.com.intellij.util.io.PersistentMapBuilder.buildImplementation(PersistentMapBuilder.java:88)
	at org.jetbrains.kotlin.com.intellij.util.io.PersistentMapBuilder.build(PersistentMapBuilder.java:71)
	at org.jetbrains.kotlin.com.intellij.util.io.PersistentHashMap.<init>(PersistentHashMap.java:46)
	at org.jetbrains.kotlin.com.intellij.util.io.PersistentHashMap.<init>(PersistentHashMap.java:72)
	at org.jetbrains.kotlin.incremental.storage.LazyStorage.createMap(LazyStorage.kt:62)
	at org.jetbrains.kotlin.incremental.storage.LazyStorage.getStorageIfExists(LazyStorage.kt:53)
	at org.jetbrains.kotlin.incremental.storage.LazyStorage.get(LazyStorage.kt:76)
	at org.jetbrains.kotlin.incremental.storage.InMemoryStorage.get(InMemoryStorage.kt:68)
	at org.jetbrains.kotlin.incremental.storage.AppendableInMemoryStorage.get(InMemoryStorage.kt:155)
	at org.jetbrains.kotlin.incremental.storage.AppendableInMemoryStorage.get(InMemoryStorage.kt:147)
	at org.jetbrains.kotlin.incremental.storage.AppendableSetBasicMap.get(BasicMap.kt:137)
	at org.jetbrains.kotlin.incremental.storage.AbstractSourceToOutputMap.getFqNames(SourceToOutputMaps.kt:50)
	at org.jetbrains.kotlin.incremental.AbstractIncrementalCache.classesFqNamesBySources(AbstractIncrementalCache.kt:115)
	at org.jetbrains.kotlin.incremental.dirtyFiles.ChangesDetectionUtilsKt.getRemovedClassesChanges(changesDetectionUtils.kt:142)
	at org.jetbrains.kotlin.incremental.dirtyFiles.JvmSourcesToCompileCalculator.calculateSourcesToCompileWithKnownChanges(JvmSourcesToCompileCalculator.kt:77)
	at org.jetbrains.kotlin.incremental.dirtyFiles.JvmSourcesToCompileCalculator.calculateSourcesToCompileImpl(JvmSourcesToCompileCalculator.kt:49)
	at org.jetbrains.kotlin.incremental.dirtyFiles.JvmSourcesToCompileCalculator.calculateWithClasspathSnapshot(JvmSourcesToCompileCalculator.kt:97)
	at org.jetbrains.kotlin.incremental.IncrementalJvmCompilerRunner.calculateSourcesToCompile(IncrementalJvmCompilerRunner.kt:60)
	at org.jetbrains.kotlin.incremental.IncrementalJvmCompilerRunner.calculateSourcesToCompile(IncrementalJvmCompilerRunner.kt:23)
	at org.jetbrains.kotlin.incremental.IncrementalCompilerRunner.tryCompileIncrementally$lambda$0$compile(IncrementalCompilerRunner.kt:225)
	at org.jetbrains.kotlin.incremental.IncrementalCompilerRunner.tryCompileIncrementally(IncrementalCompilerRunner.kt:267)
	at org.jetbrains.kotlin.incremental.IncrementalCompilerRunner.compile(IncrementalCompilerRunner.kt:119)
	at org.jetbrains.kotlin.daemon.CompileServiceImplBase.execIncrementalCompiler(CompileServiceImpl.kt:684)
	at org.jetbrains.kotlin.daemon.CompileServiceImplBase.access$execIncrementalCompiler(CompileServiceImpl.kt:94)
	at org.jetbrains.kotlin.daemon.CompileServiceImpl.compile(CompileServiceImpl.kt:1810)
	at java.base/jdk.internal.reflect.DirectMethodHandleAccessor.invoke(Unknown Source)
	at java.base/java.lang.reflect.Method.invoke(Unknown Source)
	at java.rmi/sun.rmi.server.UnicastServerRef.dispatch(Unknown Source)
	at java.rmi/sun.rmi.transport.Transport$1.run(Unknown Source)
	at java.rmi/sun.rmi.transport.Transport$1.run(Unknown Source)
	at java.base/java.security.AccessController.doPrivileged(Unknown Source)
	at java.rmi/sun.rmi.transport.Transport.serviceCall(Unknown Source)
	at java.rmi/sun.rmi.transport.tcp.TCPTransport.handleMessages(Unknown Source)
	at java.rmi/sun.rmi.transport.tcp.TCPTransport$ConnectionHandler.run0(Unknown Source)
	at java.rmi/sun.rmi.transport.tcp.TCPTransport$ConnectionHandler.lambda$run$0(Unknown Source)
	at java.base/java.security.AccessController.doPrivileged(Unknown Source)
	at java.rmi/sun.rmi.transport.tcp.TCPTransport$ConnectionHandler.run(Unknown Source)
	at java.base/java.util.concurrent.ThreadPoolExecutor.runWorker(Unknown Source)
	at java.base/java.util.concurrent.ThreadPoolExecutor$Worker.run(Unknown Source)
	at java.base/java.lang.Thread.run(Unknown Source)
	Suppressed: java.lang.Exception: Storage[/home/jacob/AndroidStudioProjects/Clefrun/core/build/kotlin/compileKotlin/cacheable/caches-jvm/jvm/kotlin/source-to-classes.tab] registration stack trace
		at org.jetbrains.kotlin.com.intellij.util.io.FilePageCache.registerPagedFileStorage(FilePageCache.java:437)
		... 46 more


error message: org.jetbrains.kotlin.util.FileAnalysisException: Somewhere in file /home/jacob/AndroidStudioProjects/Clefrun/core/src/main/kotlin/com/clefrun/core/Domain.kt: java.lang.AssertionError: Storage corrupted /home/jacob/AndroidStudioProjects/Clefrun/core/build/kotlin/compileKotlin/cacheable/caches-jvm/jvm/kotlin/proto.tab_i
	at org.jetbrains.kotlin.util.AnalysisExceptionsKt.wrapIntoFileAnalysisExceptionIfNeeded(AnalysisExceptions.kt:62)
	at org.jetbrains.kotlin.fir.FirCliExceptionHandler.handleExceptionOnFileAnalysis(Utils.kt:269)
	at org.jetbrains.kotlin.fir.resolve.transformers.FirSupertypeResolverTransformer.transformFile(FirSupertypesResolution.kt:881)
	at org.jetbrains.kotlin.fir.declarations.FirFile.transform(FirFile.kt:47)
	at org.jetbrains.kotlin.fir.resolve.transformers.FirTransformerBasedResolveProcessor.processFile(FirResolveProcessor.kt:53)
	at org.jetbrains.kotlin.fir.resolve.transformers.FirTotalResolveProcessor.process(FirTotalResolveProcessor.kt:36)
	at org.jetbrains.kotlin.fir.pipeline.AnalyseKt.runResolution(analyse.kt:24)
	at org.jetbrains.kotlin.fir.pipeline.FirUtilsKt.resolveAndCheckFir(firUtils.kt:76)
	at org.jetbrains.kotlin.cli.pipeline.jvm.JvmFrontendPipelinePhase.executePhase(JvmFrontendPipelinePhase.kt:269)
	at org.jetbrains.kotlin.cli.pipeline.jvm.JvmFrontendPipelinePhase.executePhase(JvmFrontendPipelinePhase.kt:55)
	at org.jetbrains.kotlin.cli.pipeline.PipelinePhase.phaseBody(PipelinePhase.kt:68)
	at org.jetbrains.kotlin.cli.pipeline.PipelinePhase.phaseBody(PipelinePhase.kt:58)
	at org.jetbrains.kotlin.config.phaser.NamedCompilerPhase.invoke(CompilerPhase.kt:102)
	at org.jetbrains.kotlin.backend.common.phaser.CompositePhase.invoke(PhaseBuilders.kt:22)
	at org.jetbrains.kotlin.config.phaser.CompilerPhaseKt.invokeToplevel(CompilerPhase.kt:53)
	at org.jetbrains.kotlin.cli.pipeline.AbstractCliPipeline.runPhasedPipeline(AbstractCliPipeline.kt:109)
	at org.jetbrains.kotlin.cli.pipeline.AbstractCliPipeline.execute(AbstractCliPipeline.kt:68)
	at org.jetbrains.kotlin.cli.jvm.K2JVMCompiler.doExecutePhased(K2JVMCompiler.kt:51)
	at org.jetbrains.kotlin.cli.jvm.K2JVMCompiler.doExecutePhased(K2JVMCompiler.kt:42)
	at org.jetbrains.kotlin.cli.common.CLICompiler.execImpl(CLICompiler.kt:89)
	at org.jetbrains.kotlin.cli.common.CLICompiler.exec(CLICompiler.kt:359)
	at org.jetbrains.kotlin.incremental.IncrementalJvmCompilerRunnerBase.runCompiler(IncrementalJvmCompilerRunnerBase.kt:178)
	at org.jetbrains.kotlin.incremental.IncrementalJvmCompilerRunnerBase.runCompiler(IncrementalJvmCompilerRunnerBase.kt:40)
	at org.jetbrains.kotlin.incremental.IncrementalCompilerRunner.doCompile(IncrementalCompilerRunner.kt:504)
	at org.jetbrains.kotlin.incremental.IncrementalCompilerRunner.compileImpl(IncrementalCompilerRunner.kt:418)
	at org.jetbrains.kotlin.incremental.IncrementalCompilerRunner.compileNonIncrementally(IncrementalCompilerRunner.kt:301)
	at org.jetbrains.kotlin.incremental.IncrementalCompilerRunner.compile(IncrementalCompilerRunner.kt:147)
	at org.jetbrains.kotlin.daemon.CompileServiceImplBase.execIncrementalCompiler(CompileServiceImpl.kt:684)
	at org.jetbrains.kotlin.daemon.CompileServiceImplBase.access$execIncrementalCompiler(CompileServiceImpl.kt:94)
	at org.jetbrains.kotlin.daemon.CompileServiceImpl.compile(CompileServiceImpl.kt:1810)
	at java.base/jdk.internal.reflect.DirectMethodHandleAccessor.invoke(Unknown Source)
	at java.base/java.lang.reflect.Method.invoke(Unknown Source)
	at java.rmi/sun.rmi.server.UnicastServerRef.dispatch(Unknown Source)
	at java.rmi/sun.rmi.transport.Transport$1.run(Unknown Source)
	at java.rmi/sun.rmi.transport.Transport$1.run(Unknown Source)
	at java.base/java.security.AccessController.doPrivileged(Unknown Source)
	at java.rmi/sun.rmi.transport.Transport.serviceCall(Unknown Source)
	at java.rmi/sun.rmi.transport.tcp.TCPTransport.handleMessages(Unknown Source)
	at java.rmi/sun.rmi.transport.tcp.TCPTransport$ConnectionHandler.run0(Unknown Source)
	at java.rmi/sun.rmi.transport.tcp.TCPTransport$ConnectionHandler.lambda$run$0(Unknown Source)
	at java.base/java.security.AccessController.doPrivileged(Unknown Source)
	at java.rmi/sun.rmi.transport.tcp.TCPTransport$ConnectionHandler.run(Unknown Source)
	at java.base/java.util.concurrent.ThreadPoolExecutor.runWorker(Unknown Source)
	at java.base/java.util.concurrent.ThreadPoolExecutor$Worker.run(Unknown Source)
	at java.base/java.lang.Thread.run(Unknown Source)
Caused by: java.lang.AssertionError: Storage corrupted /home/jacob/AndroidStudioProjects/Clefrun/core/build/kotlin/compileKotlin/cacheable/caches-jvm/jvm/kotlin/proto.tab_i
	at org.jetbrains.kotlin.com.intellij.openapi.diagnostic.DefaultLogger.error(DefaultLogger.java:83)
	at org.jetbrains.kotlin.com.intellij.openapi.diagnostic.Logger.error(Logger.java:436)
	at org.jetbrains.kotlin.com.intellij.util.io.PersistentEnumeratorBase.catchCorruption(PersistentEnumeratorBase.java:689)
	at org.jetbrains.kotlin.com.intellij.util.io.PersistentEnumeratorBase.doEnumerate(PersistentEnumeratorBase.java:265)
	at org.jetbrains.kotlin.com.intellij.util.io.PersistentEnumeratorBase.tryEnumerate(PersistentEnumeratorBase.java:256)
	at org.jetbrains.kotlin.com.intellij.util.io.PersistentMapImpl.doGet(PersistentMapImpl.java:663)
	at org.jetbrains.kotlin.com.intellij.util.io.PersistentMapImpl.get(PersistentMapImpl.java:621)
	at org.jetbrains.kotlin.com.intellij.util.io.PersistentHashMap.get(PersistentHashMap.java:197)
	at org.jetbrains.kotlin.incremental.storage.LazyStorage.get(LazyStorage.kt:76)
	at org.jetbrains.kotlin.incremental.storage.InMemoryStorage.get(InMemoryStorage.kt:68)
	at org.jetbrains.kotlin.incremental.IncrementalJvmCache$ProtoMap.get(IncrementalJvmCache.kt:415)
	at org.jetbrains.kotlin.incremental.IncrementalJvmCache.getModuleMappingData(IncrementalJvmCache.kt:358)
	at org.jetbrains.kotlin.load.kotlin.incremental.IncrementalPackagePartProvider.moduleMappings_delegate$lambda$0(IncrementalPackagePartProvider.kt:43)
	at kotlin.SynchronizedLazyImpl.getValue(LazyJVM.kt:86)
	at org.jetbrains.kotlin.load.kotlin.incremental.IncrementalPackagePartProvider.getModuleMappings(IncrementalPackagePartProvider.kt:41)
	at org.jetbrains.kotlin.load.kotlin.incremental.IncrementalPackagePartProvider.allPackageNames_delegate$lambda$0(IncrementalPackagePartProvider.kt:58)
	at kotlin.SynchronizedLazyImpl.getValue(LazyJVM.kt:86)
	at org.jetbrains.kotlin.load.kotlin.incremental.IncrementalPackagePartProvider.getAllPackageNames(IncrementalPackagePartProvider.kt:55)
	at org.jetbrains.kotlin.load.kotlin.incremental.IncrementalPackagePartProvider.computePackageSetWithNonClassDeclarations(IncrementalPackagePartProvider.kt:62)
	at org.jetbrains.kotlin.fir.java.deserialization.JvmClassFileBasedSymbolProvider.computePackageSetWithNonClassDeclarations(JvmClassFileBasedSymbolProvider.kt:136)
	at org.jetbrains.kotlin.fir.deserialization.AbstractFirDeserializedSymbolProvider.packageNamesForNonClassDeclarations_delegate$lambda$0(AbstractFirDeserializedSymbolProvider.kt:107)
	at kotlin.SafePublicationLazyImpl.getValue(LazyJVM.kt:125)
	at org.jetbrains.kotlin.fir.deserialization.AbstractFirDeserializedSymbolProvider.getPackageNamesForNonClassDeclarations(AbstractFirDeserializedSymbolProvider.kt:106)
	at org.jetbrains.kotlin.fir.deserialization.AbstractFirDeserializedSymbolProvider.access$getPackageNamesForNonClassDeclarations(AbstractFirDeserializedSymbolProvider.kt:93)
	at org.jetbrains.kotlin.fir.deserialization.AbstractFirDeserializedSymbolProvider$symbolNamesProvider$1.computeTopLevelClassifierNames(AbstractFirDeserializedSymbolProvider.kt:120)
	at org.jetbrains.kotlin.fir.resolve.providers.FirCachedSymbolNamesProvider$topLevelClassifierNamesByPackage_delegate$lambda$0$$inlined$createCache$1.invoke(FirCachesFactory.kt:163)
	at org.jetbrains.kotlin.fir.resolve.providers.FirCachedSymbolNamesProvider$topLevelClassifierNamesByPackage_delegate$lambda$0$$inlined$createCache$1.invoke(FirCachesFactory.kt:147)
	at org.jetbrains.kotlin.fir.caches.FirThreadUnsafeCache.getValue(FirThreadUnsafeCachesFactory.kt:57)
	at org.jetbrains.kotlin.fir.resolve.providers.FirCachedSymbolNamesProvider.getTopLevelClassifierNamesInPackageSkippingPackageCheck(FirCachedSymbolNamesProvider.kt:189)
	at org.jetbrains.kotlin.fir.resolve.providers.FirCachedSymbolNamesProvider.getTopLevelClassifierNamesInPackage(FirCachedSymbolNamesProvider.kt:95)
	at org.jetbrains.kotlin.fir.resolve.providers.FirCompositeCachedSymbolNamesProvider.computeTopLevelClassifierNames(FirCachedSymbolNamesProvider.kt:153)
	at org.jetbrains.kotlin.fir.resolve.providers.impl.FirCachingCompositeSymbolProvider$symbolNamesProvider$1.computeTopLevelClassifierNames(FirCachingCompositeSymbolProvider.kt:47)
	at org.jetbrains.kotlin.fir.resolve.providers.FirCachedSymbolNamesProvider$topLevelClassifierNamesByPackage_delegate$lambda$0$$inlined$createCache$1.invoke(FirCachesFactory.kt:163)
	at org.jetbrains.kotlin.fir.resolve.providers.FirCachedSymbolNamesProvider$topLevelClassifierNamesByPackage_delegate$lambda$0$$inlined$createCache$1.invoke(FirCachesFactory.kt:147)
	at org.jetbrains.kotlin.fir.caches.FirThreadUnsafeCache.getValue(FirThreadUnsafeCachesFactory.kt:57)
	at org.jetbrains.kotlin.fir.resolve.providers.FirCachedSymbolNamesProvider.getTopLevelClassifierNamesInPackageSkippingPackageCheck(FirCachedSymbolNamesProvider.kt:189)
	at org.jetbrains.kotlin.fir.resolve.providers.impl.FirCachingCompositeSymbolProvider$symbolNamesProvider$1.getTopLevelClassifierNamesInPackage(FirCachingCompositeSymbolProvider.kt:81)
	at org.jetbrains.kotlin.fir.resolve.providers.FirSymbolNamesProvider.mayHaveTopLevelClassifier(FirSymbolNamesProvider.kt:109)
	at org.jetbrains.kotlin.fir.resolve.providers.impl.FirCachingCompositeSymbolProvider.getClassLikeSymbolByClassId(FirCachingCompositeSymbolProvider.kt:124)
	at org.jetbrains.kotlin.fir.resolve.ToSymbolUtilsKt.toSymbol(ToSymbolUtils.kt:94)
	at org.jetbrains.kotlin.fir.resolve.ToSymbolUtilsKt.toSymbol(ToSymbolUtils.kt:34)
	at org.jetbrains.kotlin.fir.resolve.ToSymbolUtilsKt.toSymbol(ToSymbolUtils.kt:188)
	at org.jetbrains.kotlin.fir.resolve.ToSymbolUtilsKt.toTypeAliasSymbol(ToSymbolUtils.kt:218)
	at org.jetbrains.kotlin.fir.resolve.transformers.FirSupertypeResolverVisitor.resolveSpecificClassLikeSupertypes$lambda$0(FirSupertypesResolution.kt:408)
	at org.jetbrains.kotlin.fir.resolve.transformers.FirSupertypeResolverVisitor.resolveSpecificClassLikeSupertypes(FirSupertypesResolution.kt:358)
	at org.jetbrains.kotlin.fir.resolve.transformers.FirSupertypeResolverVisitor.resolveSpecificClassLikeSupertypes(FirSupertypesResolution.kt:404)
	at org.jetbrains.kotlin.fir.resolve.transformers.FirSupertypeResolverVisitor.visitRegularClass(FirSupertypesResolution.kt:380)
	at org.jetbrains.kotlin.fir.resolve.transformers.FirSupertypeResolverVisitor.visitRegularClass(FirSupertypesResolution.kt:186)
	at org.jetbrains.kotlin.fir.declarations.FirRegularClass.accept(FirRegularClass.kt:50)
	at org.jetbrains.kotlin.fir.declarations.impl.FirFileImpl.acceptChildren(FirFileImpl.kt:60)
	at org.jetbrains.kotlin.fir.resolve.transformers.FirSupertypeResolverVisitor.visitDeclarationContent(FirSupertypesResolution.kt:368)
	at org.jetbrains.kotlin.fir.resolve.transformers.FirSupertypeResolverVisitor.visitFile(FirSupertypesResolution.kt:554)
	at org.jetbrains.kotlin.fir.resolve.transformers.FirSupertypeResolverVisitor.visitFile(FirSupertypesResolution.kt:186)
	at org.jetbrains.kotlin.fir.declarations.FirFile.accept(FirFile.kt:43)
	at org.jetbrains.kotlin.fir.resolve.transformers.FirSupertypeResolverTransformer.transformFile(FirSupertypesResolution.kt:65)
	... 42 more
Caused by: org.jetbrains.kotlin.com.intellij.util.io.CorruptedException: Storage corrupted /home/jacob/AndroidStudioProjects/Clefrun/core/build/kotlin/compileKotlin/cacheable/caches-jvm/jvm/kotlin/proto.tab_i
	at org.jetbrains.kotlin.com.intellij.util.io.IntToIntBtree$BtreeIndexNodeView.locate(IntToIntBtree.java:911)
	at org.jetbrains.kotlin.com.intellij.util.io.IntToIntBtree$BtreeIndexNodeView.access$100(IntToIntBtree.java:308)
	at org.jetbrains.kotlin.com.intellij.util.io.IntToIntBtree.get(IntToIntBtree.java:177)
	at org.jetbrains.kotlin.com.intellij.util.io.PersistentBTreeEnumerator.enumerateImpl(PersistentBTreeEnumerator.java:584)
	at org.jetbrains.kotlin.com.intellij.util.io.PersistentEnumeratorBase.lambda$doEnumerate$0(PersistentEnumeratorBase.java:266)
	at org.jetbrains.kotlin.com.intellij.util.io.PersistentEnumeratorBase.catchCorruption(PersistentEnumeratorBase.java:671)
	... 94 more


